<?xml version="1.0" encoding="utf-8"?><testsuites name="pytest tests"><testsuite name="pytest" errors="0" failures="0" skipped="0" tests="65" time="1.849" timestamp="2026-02-01T04:32:34.549581-05:00" hostname="MacBook-Pro.local"><testcase classname="tests.unit.mocks.test_mock_rest_server.TestMockRestServerInit" name="test_init_creates_app" time="0.054" /><testcase classname="tests.unit.mocks.test_mock_rest_server.TestMockRestServerInit" name="test_get_test_client" time="0.007" /><testcase classname="tests.unit.mocks.test_mock_rest_server.TestMockRestServerRunnerEndpoints" name="test_create_runner" time="0.015" /><testcase classname="tests.unit.mocks.test_mock_rest_server.TestMockRestServerRunnerEndpoints" name="test_create_runner_with_mcps" time="0.010" /><testcase classname="tests.unit.mocks.test_mock_rest_server.TestMockRestServerRunnerEndpoints" name="test_create_runner_duplicate" time="0.011" /><testcase classname="tests.unit.mocks.test_mock_rest_server.TestMockRestServerRunnerEndpoints" name="test_list_runners_empty" time="0.009" /><testcase classname="tests.unit.mocks.test_mock_rest_server.TestMockRestServerRunnerEndpoints" name="test_list_runners_with_data" time="0.013" /><testcase classname="tests.unit.mocks.test_mock_rest_server.TestMockRestServerRunnerEndpoints" name="test_get_runner" time="0.011" /><testcase classname="tests.unit.mocks.test_mock_rest_server.TestMockRestServerRunnerEndpoints" name="test_get_runner_not_found" time="0.008" /><testcase classname="tests.unit.mocks.test_mock_rest_server.TestMockRestServerRunnerEndpoints" name="test_delete_runner" time="0.012" /><testcase classname="tests.unit.mocks.test_mock_rest_server.TestMockRestServerRunnerEndpoints" name="test_delete_runner_not_found" time="0.009" /><testcase classname="tests.unit.mocks.test_mock_rest_server.TestMockRestServerHelpers" name="test_add_runner" time="0.009" /><testcase classname="tests.unit.mocks.test_mock_rest_server.TestMockRestServerHelpers" name="test_add_tool" time="0.009" /><testcase classname="tests.unit.mocks.test_mock_rest_server.TestMockRestServerHelpers" name="test_clear" time="0.010" /><testcase classname="tests.unit.test_config_show.TestConfigShowLocal" name="test_config_show_local" time="0.007" /><testcase classname="tests.unit.test_config_show.TestConfigShowLocal" name="test_config_show_local_json" time="0.002" /><testcase classname="tests.unit.test_config_show.TestConfigShowServer" name="test_config_show_server" time="0.004" /><testcase classname="tests.unit.test_config_show.TestConfigShowServer" name="test_config_show_invalid_section" time="0.001" /><testcase classname="tests.unit.test_config_show.TestConfigSet" name="test_config_set_server" time="0.002" /><testcase classname="tests.unit.test_config_show.TestConfigSet" name="test_config_set_timeout_invalid" time="0.001" /><testcase classname="tests.unit.test_config_show.TestValidSections" name="test_all_valid_sections" time="0.000" /><testcase classname="tests.unit.test_runner_commands.TestRunnerCreate" name="test_runner_create_shows_error" time="0.001" /><testcase classname="tests.unit.test_runner_commands.TestRunnerCreate" name="test_runner_create_json_output_shows_error" time="0.001" /><testcase classname="tests.unit.test_runner_commands.TestRunnerList" name="test_runner_list_shows_all_runners" time="0.003" /><testcase classname="tests.unit.test_runner_commands.TestRunnerList" name="test_runner_list_filter_by_status" time="0.003" /><testcase classname="tests.unit.test_runner_commands.TestRunnerList" name="test_runner_list_empty" time="0.003" /><testcase classname="tests.unit.test_runner_commands.TestRunnerList" name="test_runner_list_json_output" time="0.003" /><testcase classname="tests.unit.test_runner_commands.TestRunnerShow" name="test_runner_show_existing" time="0.003" /><testcase classname="tests.unit.test_runner_commands.TestRunnerShow" name="test_runner_show_not_found" time="0.002" /><testcase classname="tests.unit.test_runner_commands.TestRunnerShow" name="test_runner_show_json_output" time="0.003" /><testcase classname="tests.unit.test_runner_commands.TestRunnerDelete" name="test_runner_delete_success" time="0.003" /><testcase classname="tests.unit.test_runner_commands.TestRunnerDelete" name="test_runner_delete_with_confirmation" time="0.003" /><testcase classname="tests.unit.test_runner_commands.TestRunnerDelete" name="test_runner_delete_cancelled" time="0.001" /><testcase classname="tests.unit.test_runner_commands.TestRunnerDelete" name="test_runner_delete_not_found" time="0.003" /><testcase classname="tests.unit.test_runner_commands.TestRunnerDelete" name="test_runner_delete_json_output" time="0.002" /><testcase classname="tests.unit.test_runner_commands.TestRunnerGetToken" name="test_get_token_shows_error" time="0.001" /><testcase classname="tests.unit.test_runner_commands.TestRunnerRegenerateToken" name="test_regenerate_token_success" time="0.003" /><testcase classname="tests.unit.test_runner_commands.TestRunnerRegenerateToken" name="test_regenerate_token_with_confirmation" time="0.003" /><testcase classname="tests.unit.test_runner_commands.TestRunnerRegenerateToken" name="test_regenerate_token_cancelled" time="0.001" /><testcase classname="tests.unit.test_runner_commands.TestRunnerRegenerateToken" name="test_regenerate_token_not_found" time="0.003" /><testcase classname="tests.unit.test_runner_commands.TestRunnerRegenerateToken" name="test_regenerate_token_json_output" time="0.003" /><testcase classname="tests.unit.test_tools_list.TestToolsList" name="test_tools_list_shows_all_tools" time="0.003" /><testcase classname="tests.unit.test_tools_list.TestToolsList" name="test_tools_list_json_output" time="0.003" /><testcase classname="tests.unit.test_tools_list.TestToolsList" name="test_tools_list_empty" time="0.002" /><testcase classname="tests.unit.test_tools_list.TestToolsShow" name="test_tools_show_existing_tool" time="0.003" /><testcase classname="tests.unit.test_tools_list.TestToolsShow" name="test_tools_show_not_found" time="0.003" /><testcase classname="tests.unit.test_tools_list.TestToolsShow" name="test_tools_show_json_output" time="0.003" /><testcase classname="tests.unit.test_tools_list.TestToolsRefresh" name="test_tools_refresh_all" time="0.002" /><testcase classname="tests.unit.test_tools_list.TestToolsRefresh" name="test_tools_refresh_with_errors" time="0.002" /><testcase classname="tests.unit.test_tools_list.TestToolsRefresh" name="test_tools_refresh_json_output" time="0.002" /><testcase classname="tests.unit.test_validate.TestValidate" name="test_validate_valid_workflow" time="0.004" /><testcase classname="tests.unit.test_validate.TestValidate" name="test_validate_invalid_workflow" time="0.002" /><testcase classname="tests.unit.test_validate.TestValidate" name="test_validate_strict_with_warnings" time="0.002" /><testcase classname="tests.unit.test_validate.TestValidate" name="test_validate_nonexistent_file" time="0.002" /><testcase classname="tests.unit.test_validate.TestValidate" name="test_validate_json_output" time="0.004" /><testcase classname="tests.unit.test_validate.TestValidate" name="test_validate_json_output_with_errors" time="0.002" /><testcase classname="tests.unit.test_validate.TestValidate" name="test_validate_with_check_tools" time="0.005" /><testcase classname="tests.unit.test_validate.TestValidate" name="test_validate_with_check_tools_missing" time="0.005" /><testcase classname="tests.unit.test_validate.TestValidate" name="test_validate_malformed_yaml" time="0.002" /><testcase classname="tests.unit.test_workflows_show.TestWorkflowsShow" name="test_workflows_show_existing" time="0.003" /><testcase classname="tests.unit.test_workflows_show.TestWorkflowsShow" name="test_workflows_show_not_found" time="0.002" /><testcase classname="tests.unit.test_workflows_show.TestWorkflowsShow" name="test_workflows_show_json_output" time="0.003" /><testcase classname="tests.unit.test_workflows_show.TestWorkflowsList" name="test_workflows_list" time="0.003" /><testcase classname="tests.unit.test_workflows_show.TestWorkflowsList" name="test_workflows_list_empty" time="0.003" /><testcase classname="tests.unit.test_workflows_show.TestWorkflowsList" name="test_workflows_list_json" time="0.003" /></testsuite></testsuites>